Flutter crash report; please file at https://github.com/flutter/flutter/issues.

## command

flutter build apk

## exception

ProcessException: ProcessException: Process "D:\System\_Mobile_App\MyIslamic\myislamic\myIslamic\android\gradlew.bat" exited abnormally:
The system cannot find the file specified.
Error: Could not find or load main class org.gradle.wrapper.GradleWrapperMain
  Command: D:\System\_Mobile_App\MyIslamic\myislamic\myIslamic\android\gradlew.bat -v

```
#0      runCheckedAsync (package:flutter_tools/src/base/process.dart:251:5)
<asynchronous suspension>
#1      _initializeGradle (package:flutter_tools/src/android/gradle.dart:185:9)
<asynchronous suspension>
#2      _ensureGradle (package:flutter_tools/src/android/gradle.dart:166:37)
<asynchronous suspension>
#3      buildGradleProject (package:flutter_tools/src/android/gradle.dart:290:31)
<asynchronous suspension>
#4      buildApk (package:flutter_tools/src/android/apk.dart:43:10)
<asynchronous suspension>
#5      BuildApkCommand.runCommand (package:flutter_tools/src/commands/build_apk.dart:44:11)
<asynchronous suspension>
#6      FlutterCommand.verifyThenRunCommand (package:flutter_tools/src/runner/flutter_command.dart:401:18)
#7      _asyncThenWrapperHelper.<anonymous closure> (dart:async/runtime/libasync_patch.dart:77:64)
#8      _rootRunUnary (dart:async/zone.dart:1132:38)
#9      _CustomZone.runUnary (dart:async/zone.dart:1029:19)
#10     _FutureListener.handleValue (dart:async/future_impl.dart:129:18)
#11     Future._propagateToListeners.handleValueCallback (dart:async/future_impl.dart:642:45)
#12     Future._propagateToListeners (dart:async/future_impl.dart:671:32)
#13     Future._complete (dart:async/future_impl.dart:476:7)
#14     _SyncCompleter.complete (dart:async/future_impl.dart:51:12)
#15     _AsyncAwaitCompleter.complete.<anonymous closure> (dart:async/runtime/libasync_patch.dart:33:20)
#16     _rootRun (dart:async/zone.dart:1124:13)
#17     _CustomZone.run (dart:async/zone.dart:1021:19)
#18     _CustomZone.bindCallback.<anonymous closure> (dart:async/zone.dart:947:23)
#19     _microtaskLoop (dart:async/schedule_microtask.dart:41:21)
#20     _startMicrotaskLoop (dart:async/schedule_microtask.dart:50:5)
#21     _runPendingImmediateCallback (dart:isolate/runtime/libisolate_patch.dart:115:13)
#22     _RawReceivePortImpl._handleMessage (dart:isolate/runtime/libisolate_patch.dart:172:5)
```

## flutter doctor

```
[32m[✓][39m Flutter (Channel stable, v1.0.0, on Microsoft Windows [Version 10.0.17763.253], locale en-GB)
    [32m•[39m Flutter version 1.0.0 at C:\src\flutter
    [32m•[39m Framework revision 5391447fae (8 weeks ago), 2018-11-29 19:41:26 -0800
    [32m•[39m Engine revision 7375a0f414
    [32m•[39m Dart version 2.1.0 (build 2.1.0-dev.9.4 f9ebf21297)

[32m[✓][39m Android toolchain - develop for Android devices (Android SDK 28.0.3)
    [32m•[39m Android SDK at C:\android\Android\Sdk
    [32m•[39m Android NDK location not configured (optional; useful for native profiling support)
    [32m•[39m Platform android-28, build-tools 28.0.3
    [32m•[39m ANDROID_HOME = C:\android\Android\Sdk
    [32m•[39m Java binary at: C:\Program Files\Android\Android Studio\jre\bin\java
    [32m•[39m Java version OpenJDK Runtime Environment (build 1.8.0_152-release-1024-b02)
    [32m•[39m All Android licenses accepted.

[32m[✓][39m Android Studio (version 3.1)
    [32m•[39m Android Studio at C:\Program Files\Android\Android Studio
    [32m•[39m Flutter plugin version 27.0.1
    [32m•[39m Dart plugin version 173.4700
    [32m•[39m Java version OpenJDK Runtime Environment (build 1.8.0_152-release-1024-b02)

[32m[✓][39m IntelliJ IDEA Community Edition (version 2018.3)
    [32m•[39m IntelliJ at C:\Program Files\JetBrains\IntelliJ IDEA Community Edition 2018.3.1
    [32m•[39m Flutter plugin version 31.2.4
    [32m•[39m Dart plugin version 183.4588.61

[32m[✓][39m VS Code (version 1.30.2)
    [32m•[39m VS Code at C:\Users\Mohamed khidir ageeb\AppData\Local\Programs\Microsoft VS Code
    [32m•[39m Flutter extension version 2.21.1

[33m[!][39m Connected device
    [33m![39m No devices available

[33m![39m Doctor found issues in 1 category.
```
